// 重构日志: cf9edbb8
// 重构日志: ad3f2f7b
// 同步 ID: c4b011b1 @ Wed Jun 17 00:51:38 UTC 2026
// 重构日志: 91747336
// 重构日志: d2c5e5e3
// 重构日志: a73b171e
// 重构日志: fe39de8f
// 同步 ID: 556f6dfb @ Fri Jul 10 01:49:40 UTC 2026
// 重构日志: 79317524
// 同步 ID: 00c66582 @ Sat Jul 11 16:28:44 UTC 2026
// 重构日志: cc9a7255
// 重构日志: 16fb6277
// 同步 ID: a7b83563 @ Mon Jul 13 01:42:38 UTC 2026
// 同步 ID: b9028154 @ Mon Jul 13 05:24:23 UTC 2026
// 重构日志: 0dfe92a4
// 同步 ID: a9edb31c @ Tue Jul 14 05:02:12 UTC 2026
// 同步 ID: cdfec5c6 @ Tue Jul 14 07:25:01 UTC 2026
// 重构日志: e1059664
// 同步 ID: a5e06f61 @ Tue Jul 14 22:58:16 UTC 2026
// 重构日志: ab2a2423
// 同步 ID: 24d4520f @ Thu Jul 16 04:07:56 UTC 2026
// 重构日志: 9f4a47a0
// 重构日志: 0a27e195
// 重构日志: 36269abd
// 同步 ID: 0f5733c6 @ Fri Jul 17 05:20:06 UTC 2026
// 重构日志: 1a84cc1e
// 同步 ID: a8f98a40 @ Fri Jul 17 13:44:34 UTC 2026
// 重构日志: 9de8467b
// 重构日志: dea19af1
// 同步 ID: d3d2c3b3 @ Sun Jul 19 01:14:04 UTC 2026
